<?xml version="1.0" encoding="UTF-8"?>
<testng-results skipped="0" failed="0" total="1" passed="1">
  <reporter-output>
  </reporter-output>
  <suite name="Default suite" duration-ms="105112" started-at="2020-02-11T16:07:31Z" finished-at="2020-02-11T16:09:16Z">
    <groups>
    </groups>
    <test name="Default test" duration-ms="105112" started-at="2020-02-11T16:07:31Z" finished-at="2020-02-11T16:09:16Z">
      <class name="com.selenium.excel.keywordriven">
        <test-method status="PASS" signature="keywordprg()[pri:0, instance:com.selenium.excel.keywordriven@3aa9e816]" name="keywordprg" duration-ms="105065" started-at="2020-02-11T21:37:31Z" finished-at="2020-02-11T21:39:16Z">
          <reporter-output>
          </reporter-output>
        </test-method> <!-- keywordprg -->
      </class> <!-- com.selenium.excel.keywordriven -->
    </test> <!-- Default test -->
  </suite> <!-- Default suite -->
</testng-results>
