<?xml version="1.0" encoding="UTF-8"?>
<testng-results skipped="0" failed="0" total="2" passed="2">
  <reporter-output>
  </reporter-output>
  <suite name="Default suite" duration-ms="52777" started-at="2020-02-03T16:17:53Z" finished-at="2020-02-03T16:18:46Z">
    <groups>
    </groups>
    <test name="Default test" duration-ms="52777" started-at="2020-02-03T16:17:53Z" finished-at="2020-02-03T16:18:46Z">
      <class name="com.selenium.testng.BranchCreationTest">
        <test-method status="PASS" signature="appLaunch()[pri:0, instance:com.selenium.testng.BranchCreationTest@6ad5c04e]" name="appLaunch" is-config="true" duration-ms="8013" started-at="2020-02-03T21:47:45Z" finished-at="2020-02-03T21:47:53Z">
          <reporter-output>
          </reporter-output>
        </test-method> <!-- appLaunch -->
        <test-method status="PASS" signature="appLogin()[pri:0, instance:com.selenium.testng.BranchCreationTest@6ad5c04e]" name="appLogin" is-config="true" duration-ms="1098" started-at="2020-02-03T21:47:53Z" finished-at="2020-02-03T21:47:55Z">
          <reporter-output>
          </reporter-output>
        </test-method> <!-- appLogin -->
        <test-method status="PASS" signature="branchCreation(java.lang.String, java.lang.String)[pri:0, instance:com.selenium.testng.BranchCreationTest@6ad5c04e]" name="branchCreation" duration-ms="25594" started-at="2020-02-03T21:47:55Z" data-provider="getData" finished-at="2020-02-03T21:48:20Z">
          <params>
            <param index="0">
              <value>
                <![CDATA[Vasu987677]]>
              </value>
            </param>
            <param index="1">
              <value>
                <![CDATA[Ameerpe1]]>
              </value>
            </param>
          </params>
          <reporter-output>
          </reporter-output>
        </test-method> <!-- branchCreation -->
        <test-method status="PASS" signature="branchCreation(java.lang.String, java.lang.String)[pri:0, instance:com.selenium.testng.BranchCreationTest@6ad5c04e]" name="branchCreation" duration-ms="25397" started-at="2020-02-03T21:48:20Z" data-provider="getData" finished-at="2020-02-03T21:48:46Z">
          <params>
            <param index="0">
              <value>
                <![CDATA[Vasu987678]]>
              </value>
            </param>
            <param index="1">
              <value>
                <![CDATA[Ameerpet2]]>
              </value>
            </param>
          </params>
          <reporter-output>
          </reporter-output>
        </test-method> <!-- branchCreation -->
        <test-method status="PASS" signature="appLogout()[pri:0, instance:com.selenium.testng.BranchCreationTest@6ad5c04e]" name="appLogout" is-config="true" duration-ms="633" started-at="2020-02-03T21:48:46Z" finished-at="2020-02-03T21:48:46Z">
          <reporter-output>
          </reporter-output>
        </test-method> <!-- appLogout -->
        <test-method status="PASS" signature="appClose()[pri:0, instance:com.selenium.testng.BranchCreationTest@6ad5c04e]" name="appClose" is-config="true" duration-ms="407" started-at="2020-02-03T21:48:46Z" finished-at="2020-02-03T21:48:47Z">
          <reporter-output>
          </reporter-output>
        </test-method> <!-- appClose -->
      </class> <!-- com.selenium.testng.BranchCreationTest -->
    </test> <!-- Default test -->
  </suite> <!-- Default suite -->
</testng-results>
