<?xml version="1.0" encoding="UTF-8"?>
<!-- Generated by org.testng.reporters.JUnitXMLReporter -->
<testsuite hostname="vasu-PC" name="SmokeTest" tests="4" failures="0" timestamp="30 Jan 2020 16:15:19 GMT" time="0.085" errors="0">
  <testcase name="method1" time="0.012" classname="com.selenium.testng.AnnotationsTest"/>
  <testcase name="method2" time="0.002" classname="com.selenium.testng.AnnotationsTest"/>
  <testcase name="method1" time="0.004" classname="com.selenium.testng.AnnotationsTest1"/>
  <testcase name="method2" time="0.003" classname="com.selenium.testng.AnnotationsTest1"/>
</testsuite> <!-- SmokeTest -->
